{
  "stats": {
    "suites": 1,
    "tests": 10,
    "passes": 10,
    "pending": 0,
    "failures": 0,
    "start": "2020-10-08T10:31:57.485Z",
    "end": "2020-10-08T10:32:16.336Z",
    "duration": 18851,
    "testsRegistered": 10,
    "passPercent": 100,
    "pendingPercent": 0,
    "other": 0,
    "hasOther": false,
    "skipped": 0,
    "hasSkipped": false
  },
  "results": [
    {
      "uuid": "09f4dece-182b-48fb-9807-ea8f8389a352",
      "title": "",
      "fullFile": "cypress/integration/sauce-demo.ts",
      "file": "cypress/integration/sauce-demo.ts",
      "beforeHooks": [],
      "afterHooks": [],
      "tests": [],
      "suites": [
        {
          "uuid": "e3d9ef92-5ca0-4276-b6c6-ebd77d320cad",
          "title": "Wizeline Automation Challenge",
          "fullFile": "",
          "file": "",
          "beforeHooks": [],
          "afterHooks": [],
          "tests": [
            {
              "title": "1. Login with a valid user",
              "fullTitle": "Wizeline Automation Challenge 1. Login with a valid user",
              "timedOut": null,
              "duration": 3348,
              "state": "passed",
              "speed": "slow",
              "pass": true,
              "fail": false,
              "pending": false,
              "context": null,
              "code": "login.loginUser(data[0].name, data[0].password);\nlogin.errorMsg().should('not.be.visible');\nproduct.productTitle().should('contain', 'Products');",
              "err": {},
              "uuid": "a140db86-479e-4b02-bc9e-cddf27750035",
              "parentUUID": "e3d9ef92-5ca0-4276-b6c6-ebd77d320cad",
              "isHook": false,
              "skipped": false
            },
            {
              "title": "2. Login with an invalid user",
              "fullTitle": "Wizeline Automation Challenge 2. Login with an invalid user",
              "timedOut": null,
              "duration": 822,
              "state": "passed",
              "speed": "slow",
              "pass": true,
              "fail": false,
              "pending": false,
              "context": null,
              "code": "login.loginUser(data[1].name, data[1].password);\nlogin.errorMsg().should('contain', 'Epic sadface:');",
              "err": {},
              "uuid": "dad84810-0ec3-4d28-9a88-911f4b8512fb",
              "parentUUID": "e3d9ef92-5ca0-4276-b6c6-ebd77d320cad",
              "isHook": false,
              "skipped": false
            },
            {
              "title": "3. Logout from product’s page",
              "fullTitle": "Wizeline Automation Challenge 3. Logout from product’s page",
              "timedOut": null,
              "duration": 2050,
              "state": "passed",
              "speed": "slow",
              "pass": true,
              "fail": false,
              "pending": false,
              "context": null,
              "code": "login.loginUser(data[0].name, data[0].password);\nlogin.logout();\nlogin.loginLogo().should('be.visible');",
              "err": {},
              "uuid": "9b01934f-6dd9-4d20-beac-6ac73f417c01",
              "parentUUID": "e3d9ef92-5ca0-4276-b6c6-ebd77d320cad",
              "isHook": false,
              "skipped": false
            },
            {
              "title": "4. Navigate to the shopping cart",
              "fullTitle": "Wizeline Automation Challenge 4. Navigate to the shopping cart",
              "timedOut": null,
              "duration": 1108,
              "state": "passed",
              "speed": "slow",
              "pass": true,
              "fail": false,
              "pending": false,
              "context": null,
              "code": "login.loginUser(data[0].name, data[0].password);\ncartItems.cart().should('contain', 'Your Cart');",
              "err": {},
              "uuid": "9853e2e4-8846-4ccd-aacb-69200f88ff08",
              "parentUUID": "e3d9ef92-5ca0-4276-b6c6-ebd77d320cad",
              "isHook": false,
              "skipped": false
            },
            {
              "title": "5. Add a single item to the shopping cart",
              "fullTitle": "Wizeline Automation Challenge 5. Add a single item to the shopping cart",
              "timedOut": null,
              "duration": 1802,
              "state": "passed",
              "speed": "slow",
              "pass": true,
              "fail": false,
              "pending": false,
              "context": null,
              "code": "login.loginUser(data[0].name, data[0].password);\nproduct.addProducts(1);\nproduct.navigateToShopingCart();\ncartItems.items().should('have.length', 1);\nproduct.resetApp();",
              "err": {},
              "uuid": "8ef9003c-7f75-488c-84a9-3ec7119d1c9e",
              "parentUUID": "e3d9ef92-5ca0-4276-b6c6-ebd77d320cad",
              "isHook": false,
              "skipped": false
            },
            {
              "title": "6. Add multiple items to the shopping cart",
              "fullTitle": "Wizeline Automation Challenge 6. Add multiple items to the shopping cart",
              "timedOut": null,
              "duration": 1330,
              "state": "passed",
              "speed": "slow",
              "pass": true,
              "fail": false,
              "pending": false,
              "context": null,
              "code": "login.loginUser(data[0].name, data[0].password);\nproduct.addProducts(3);\nproduct.navigateToShopingCart();\ncartItems.items().should('have.length', 3);",
              "err": {},
              "uuid": "649c021b-0c13-40b9-9eda-50ba4f6eb450",
              "parentUUID": "e3d9ef92-5ca0-4276-b6c6-ebd77d320cad",
              "isHook": false,
              "skipped": false
            },
            {
              "title": "7. Continue with missing mail information",
              "fullTitle": "Wizeline Automation Challenge 7. Continue with missing mail information",
              "timedOut": null,
              "duration": 1773,
              "state": "passed",
              "speed": "slow",
              "pass": true,
              "fail": false,
              "pending": false,
              "context": null,
              "code": "login.loginUser(data[0].name, data[0].password);\nproduct.navigateToShopingCart();\ncheckOut.checkOut();\ncheckOut.checkOutFirstName('Salvador');\ncheckOut.checkOutLastName('Ortuno');\ncheckOut.checkOutContinue();\ncheckOut.checkOutErrorMessage().should('contain', \"Error\");",
              "err": {},
              "uuid": "16c83303-f6ef-42d4-b12b-9d605570a617",
              "parentUUID": "e3d9ef92-5ca0-4276-b6c6-ebd77d320cad",
              "isHook": false,
              "skipped": false
            },
            {
              "title": "8. Fill user’s information",
              "fullTitle": "Wizeline Automation Challenge 8. Fill user’s information",
              "timedOut": null,
              "duration": 2080,
              "state": "passed",
              "speed": "slow",
              "pass": true,
              "fail": false,
              "pending": false,
              "context": null,
              "code": "login.loginUser(data[0].name, data[0].password);\nproduct.navigateToShopingCart();\ncheckOut.checkOut();\ncheckOut.checkOutFirstName('Salvador');\ncheckOut.checkOutLastName('Ortuno');\ncheckOut.checkOutPostalCode('09800');\ncheckOut.checkOutContinue();\ncheckOut.checkoutOverView().should('be.visible');",
              "err": {},
              "uuid": "e7e6e9e9-1afe-49fa-80ee-4ede1ad483e4",
              "parentUUID": "e3d9ef92-5ca0-4276-b6c6-ebd77d320cad",
              "isHook": false,
              "skipped": false
            },
            {
              "title": "9. Final order items",
              "fullTitle": "Wizeline Automation Challenge 9. Final order items",
              "timedOut": null,
              "duration": 2125,
              "state": "passed",
              "speed": "slow",
              "pass": true,
              "fail": false,
              "pending": false,
              "context": null,
              "code": "login.loginUser(data[0].name, data[0].password);\nproduct.navigateToShopingCart();\ncartItems.inventoryItem().then(function ($item) {\n    var txt = $item.text();\n    cy.wrap(txt);\n    checkOut.checkOut();\n    checkOut.checkOutFirstName('Mark');\n    checkOut.checkOutLastName('Jhonson');\n    checkOut.checkOutPostalCode('08500');\n    checkOut.checkOutContinue();\n    checkOut.checkoutOverView().should('be.visible');\n    cartItems.inventoryItem().should(function ($item2) {\n        expect($item2.text()).eq(txt);\n    });\n});",
              "err": {},
              "uuid": "b1c36674-3cef-4a8a-af50-37c2e201185d",
              "parentUUID": "e3d9ef92-5ca0-4276-b6c6-ebd77d320cad",
              "isHook": false,
              "skipped": false
            },
            {
              "title": "10. Complete a purchase",
              "fullTitle": "Wizeline Automation Challenge 10. Complete a purchase",
              "timedOut": null,
              "duration": 2347,
              "state": "passed",
              "speed": "slow",
              "pass": true,
              "fail": false,
              "pending": false,
              "context": null,
              "code": "login.loginUser(data[0].name, data[0].password);\nproduct.navigateToShopingCart();\ncartItems.inventoryItem().then(function ($item) {\n    var txt = $item.text();\n    cy.wrap(txt);\n    checkOut.checkOut();\n    checkOut.checkOutFirstName('Mark');\n    checkOut.checkOutLastName('Jhonson');\n    checkOut.checkOutPostalCode('08500');\n    checkOut.checkOutContinue();\n    checkOut.checkoutOverView().should('be.visible');\n    cartItems.inventoryItem().should(function ($item2) {\n        expect($item2.text()).eq(txt);\n    });\n});\ncartItems.finish();\nfinal.headerElement().should(function (text) {\n    expect(text.text()).eq('THANK YOU FOR YOUR ORDER');\n});",
              "err": {},
              "uuid": "83b83291-6ec9-45c3-ad31-67d9df5757ba",
              "parentUUID": "e3d9ef92-5ca0-4276-b6c6-ebd77d320cad",
              "isHook": false,
              "skipped": false
            }
          ],
          "suites": [],
          "passes": [
            "a140db86-479e-4b02-bc9e-cddf27750035",
            "dad84810-0ec3-4d28-9a88-911f4b8512fb",
            "9b01934f-6dd9-4d20-beac-6ac73f417c01",
            "9853e2e4-8846-4ccd-aacb-69200f88ff08",
            "8ef9003c-7f75-488c-84a9-3ec7119d1c9e",
            "649c021b-0c13-40b9-9eda-50ba4f6eb450",
            "16c83303-f6ef-42d4-b12b-9d605570a617",
            "e7e6e9e9-1afe-49fa-80ee-4ede1ad483e4",
            "b1c36674-3cef-4a8a-af50-37c2e201185d",
            "83b83291-6ec9-45c3-ad31-67d9df5757ba"
          ],
          "failures": [],
          "pending": [],
          "skipped": [],
          "duration": 18785,
          "root": false,
          "rootEmpty": false,
          "_timeout": 2000
        }
      ],
      "passes": [],
      "failures": [],
      "pending": [],
      "skipped": [],
      "duration": 0,
      "root": true,
      "rootEmpty": true,
      "_timeout": 2000
    }
  ],
  "meta": {
    "mocha": {
      "version": "7.0.1"
    },
    "mochawesome": {
      "options": {
        "quiet": false,
        "reportFilename": "mochawesome",
        "saveHtml": true,
        "saveJson": true,
        "consoleReporter": "spec",
        "useInlineDiffs": false,
        "code": true
      },
      "version": "6.1.1"
    },
    "marge": {
      "options": {
        "id": "default"
      },
      "version": "5.1.0"
    }
  }
}