{
  "stats": {
    "suites": 1,
    "tests": 10,
    "passes": 10,
    "pending": 0,
    "failures": 0,
    "start": "2020-10-12T18:30:32.479Z",
    "end": "2020-10-12T18:30:50.331Z",
    "duration": 17852,
    "testsRegistered": 10,
    "passPercent": 100,
    "pendingPercent": 0,
    "other": 0,
    "hasOther": false,
    "skipped": 0,
    "hasSkipped": false
  },
  "results": [
    {
      "uuid": "5013363a-2c94-4539-b3ef-1917d8c2af7e",
      "title": "",
      "fullFile": "cypress/integration/sauce-demo.ts",
      "file": "cypress/integration/sauce-demo.ts",
      "beforeHooks": [],
      "afterHooks": [],
      "tests": [],
      "suites": [
        {
          "uuid": "58da9a6b-a50d-4a7c-81e9-e599c856744e",
          "title": "Wizeline Automation Challenge",
          "fullFile": "",
          "file": "",
          "beforeHooks": [],
          "afterHooks": [],
          "tests": [
            {
              "title": "1. Login with a valid user",
              "fullTitle": "Wizeline Automation Challenge 1. Login with a valid user",
              "timedOut": null,
              "duration": 2509,
              "state": "passed",
              "speed": "slow",
              "pass": true,
              "fail": false,
              "pending": false,
              "context": null,
              "code": "login.loginUser(data[0].name, data[0].password);\nlogin.errorMsg().should('not.be.visible');\nproduct.productTitle().should('contain', 'Products');",
              "err": {},
              "uuid": "09199d92-3a6b-40b2-a4df-c6231c6a18d0",
              "parentUUID": "58da9a6b-a50d-4a7c-81e9-e599c856744e",
              "isHook": false,
              "skipped": false
            },
            {
              "title": "2. Login with an invalid user",
              "fullTitle": "Wizeline Automation Challenge 2. Login with an invalid user",
              "timedOut": null,
              "duration": 874,
              "state": "passed",
              "speed": "slow",
              "pass": true,
              "fail": false,
              "pending": false,
              "context": null,
              "code": "login.loginUser(data[1].name, data[1].password);\nlogin.errorMsg().should('contain', 'Epic sadface:');",
              "err": {},
              "uuid": "0fb91728-1184-4a84-b39d-671e2cd859be",
              "parentUUID": "58da9a6b-a50d-4a7c-81e9-e599c856744e",
              "isHook": false,
              "skipped": false
            },
            {
              "title": "3. Logout from product’s page",
              "fullTitle": "Wizeline Automation Challenge 3. Logout from product’s page",
              "timedOut": null,
              "duration": 1457,
              "state": "passed",
              "speed": "slow",
              "pass": true,
              "fail": false,
              "pending": false,
              "context": null,
              "code": "login.loginUser(data[0].name, data[0].password);\nlogin.logout();\nlogin.loginLogo().should('be.visible');",
              "err": {},
              "uuid": "a5182ca2-cbbe-42ac-bbc0-aee148480e1b",
              "parentUUID": "58da9a6b-a50d-4a7c-81e9-e599c856744e",
              "isHook": false,
              "skipped": false
            },
            {
              "title": "4. Navigate to the shopping cart",
              "fullTitle": "Wizeline Automation Challenge 4. Navigate to the shopping cart",
              "timedOut": null,
              "duration": 1087,
              "state": "passed",
              "speed": "slow",
              "pass": true,
              "fail": false,
              "pending": false,
              "context": null,
              "code": "login.loginUser(data[0].name, data[0].password);\ncartItems.cart().should('contain', 'Your Cart');",
              "err": {},
              "uuid": "28460102-a4a3-434e-b3ea-fc3207979a99",
              "parentUUID": "58da9a6b-a50d-4a7c-81e9-e599c856744e",
              "isHook": false,
              "skipped": false
            },
            {
              "title": "5. Add a single item to the shopping cart",
              "fullTitle": "Wizeline Automation Challenge 5. Add a single item to the shopping cart",
              "timedOut": null,
              "duration": 2277,
              "state": "passed",
              "speed": "slow",
              "pass": true,
              "fail": false,
              "pending": false,
              "context": null,
              "code": "login.loginUser(data[0].name, data[0].password);\nproduct.addProducts(1);\nproduct.navigateToShopingCart();\ncartItems.items().should('have.length', 1);\nproduct.resetApp();",
              "err": {},
              "uuid": "ac43d927-2125-429a-aa24-01c5d5d8056c",
              "parentUUID": "58da9a6b-a50d-4a7c-81e9-e599c856744e",
              "isHook": false,
              "skipped": false
            },
            {
              "title": "6. Add multiple items to the shopping cart",
              "fullTitle": "Wizeline Automation Challenge 6. Add multiple items to the shopping cart",
              "timedOut": null,
              "duration": 1245,
              "state": "passed",
              "speed": "slow",
              "pass": true,
              "fail": false,
              "pending": false,
              "context": null,
              "code": "login.loginUser(data[0].name, data[0].password);\nproduct.addProducts(3);\nproduct.navigateToShopingCart();\ncartItems.items().should('have.length', 3);",
              "err": {},
              "uuid": "78d8eb41-70ad-44b9-9550-f656ba03ef2a",
              "parentUUID": "58da9a6b-a50d-4a7c-81e9-e599c856744e",
              "isHook": false,
              "skipped": false
            },
            {
              "title": "7. Continue with missing mail information",
              "fullTitle": "Wizeline Automation Challenge 7. Continue with missing mail information",
              "timedOut": null,
              "duration": 2282,
              "state": "passed",
              "speed": "slow",
              "pass": true,
              "fail": false,
              "pending": false,
              "context": null,
              "code": "login.loginUser(data[0].name, data[0].password);\nproduct.navigateToShopingCart();\ncheckOut.checkOut();\ncheckOut.checkOutFirstName('Salvador');\ncheckOut.checkOutLastName('Ortuno');\ncheckOut.checkOutContinue();\ncheckOut.checkOutErrorMessage().should('contain', \"Error\");",
              "err": {},
              "uuid": "feef60c1-b07a-4163-8265-d5ff664e8ce9",
              "parentUUID": "58da9a6b-a50d-4a7c-81e9-e599c856744e",
              "isHook": false,
              "skipped": false
            },
            {
              "title": "8. Fill user’s information",
              "fullTitle": "Wizeline Automation Challenge 8. Fill user’s information",
              "timedOut": null,
              "duration": 1904,
              "state": "passed",
              "speed": "slow",
              "pass": true,
              "fail": false,
              "pending": false,
              "context": null,
              "code": "login.loginUser(data[0].name, data[0].password);\nproduct.navigateToShopingCart();\ncheckOut.checkOut();\ncheckOut.checkOutFirstName('Salvador');\ncheckOut.checkOutLastName('Ortuno');\ncheckOut.checkOutPostalCode('09800');\ncheckOut.checkOutContinue();\ncheckOut.checkoutOverView().should('be.visible');",
              "err": {},
              "uuid": "aed47b4b-0965-493b-b83d-24b772dafe6b",
              "parentUUID": "58da9a6b-a50d-4a7c-81e9-e599c856744e",
              "isHook": false,
              "skipped": false
            },
            {
              "title": "9. Final order items",
              "fullTitle": "Wizeline Automation Challenge 9. Final order items",
              "timedOut": null,
              "duration": 1885,
              "state": "passed",
              "speed": "slow",
              "pass": true,
              "fail": false,
              "pending": false,
              "context": null,
              "code": "login.loginUser(data[0].name, data[0].password);\nproduct.navigateToShopingCart();\ncartItems.inventoryItem().then(function ($item) {\n    var txt = $item.text();\n    cy.wrap(txt);\n    checkOut.checkOut();\n    checkOut.checkOutFirstName('Mark');\n    checkOut.checkOutLastName('Jhonson');\n    checkOut.checkOutPostalCode('08500');\n    checkOut.checkOutContinue();\n    checkOut.checkoutOverView().should('be.visible');\n    cartItems.inventoryItem().should(function ($item2) {\n        expect($item2.text()).eq(txt);\n    });\n});",
              "err": {},
              "uuid": "d840e95a-3ba7-4eb3-bada-92eee3535de4",
              "parentUUID": "58da9a6b-a50d-4a7c-81e9-e599c856744e",
              "isHook": false,
              "skipped": false
            },
            {
              "title": "10. Complete a purchase",
              "fullTitle": "Wizeline Automation Challenge 10. Complete a purchase",
              "timedOut": null,
              "duration": 2272,
              "state": "passed",
              "speed": "slow",
              "pass": true,
              "fail": false,
              "pending": false,
              "context": null,
              "code": "login.loginUser(data[0].name, data[0].password);\nproduct.navigateToShopingCart();\ncartItems.inventoryItem().then(function ($item) {\n    var txt = $item.text();\n    cy.wrap(txt);\n    checkOut.checkOut();\n    checkOut.checkOutFirstName('Mark');\n    checkOut.checkOutLastName('Jhonson');\n    checkOut.checkOutPostalCode('08500');\n    checkOut.checkOutContinue();\n    checkOut.checkoutOverView().should('be.visible');\n    cartItems.inventoryItem().should(function ($item2) {\n        expect($item2.text()).eq(txt);\n    });\n});\ncartItems.finish();\nfinal.headerElement().should(function (text) {\n    expect(text.text()).eq('THANK YOU FOR YOUR ORDER');\n});",
              "err": {},
              "uuid": "39c35009-9547-4fcb-af52-a58ebfc9e4ca",
              "parentUUID": "58da9a6b-a50d-4a7c-81e9-e599c856744e",
              "isHook": false,
              "skipped": false
            }
          ],
          "suites": [],
          "passes": [
            "09199d92-3a6b-40b2-a4df-c6231c6a18d0",
            "0fb91728-1184-4a84-b39d-671e2cd859be",
            "a5182ca2-cbbe-42ac-bbc0-aee148480e1b",
            "28460102-a4a3-434e-b3ea-fc3207979a99",
            "ac43d927-2125-429a-aa24-01c5d5d8056c",
            "78d8eb41-70ad-44b9-9550-f656ba03ef2a",
            "feef60c1-b07a-4163-8265-d5ff664e8ce9",
            "aed47b4b-0965-493b-b83d-24b772dafe6b",
            "d840e95a-3ba7-4eb3-bada-92eee3535de4",
            "39c35009-9547-4fcb-af52-a58ebfc9e4ca"
          ],
          "failures": [],
          "pending": [],
          "skipped": [],
          "duration": 17792,
          "root": false,
          "rootEmpty": false,
          "_timeout": 2000
        }
      ],
      "passes": [],
      "failures": [],
      "pending": [],
      "skipped": [],
      "duration": 0,
      "root": true,
      "rootEmpty": true,
      "_timeout": 2000
    }
  ],
  "meta": {
    "mocha": {
      "version": "7.0.1"
    },
    "mochawesome": {
      "options": {
        "quiet": false,
        "reportFilename": "mochawesome",
        "saveHtml": true,
        "saveJson": true,
        "consoleReporter": "spec",
        "useInlineDiffs": false,
        "code": true
      },
      "version": "6.1.1"
    },
    "marge": {
      "options": {
        "id": "default"
      },
      "version": "5.1.0"
    }
  }
}